--2020-01-20 09:23:03--  http://aot.ru/
Распознаётся aot.ru (aot.ru)… 195.70.213.239
Подключение к aot.ru (aot.ru)|195.70.213.239|:80... соединение установлено.
HTTP-запрос отправлен. Ожидание ответа… 200 OK
Длина: 9720 (9,5K) [text/html]
Сохранение в: «aot.ru/index.html»

     0K .........                                             100% 1,47M=0,006s

2020-01-20 09:23:04 (1,47 MB/s) - «aot.ru/index.html» сохранён [9720/9720]

Загрузка robots.txt; не обращайте внимания на ошибки.
--2020-01-20 09:23:04--  http://aot.ru/robots.txt
Повторное использование соединения с aot.ru:80.
HTTP-запрос отправлен. Ожидание ответа… 200 OK
Длина: 0 [text/plain]
Сохранение в: «aot.ru/robots.txt»

     0K                                                        0,00 =0s

2020-01-20 09:23:04 (0,00 B/s) - «aot.ru/robots.txt» сохранён [0/0]

--2020-01-20 09:23:04--  http://aot.ru/aot.css
Повторное использование соединения с aot.ru:80.
HTTP-запрос отправлен. Ожидание ответа… 200 OK
Длина: 10923 (11K) [text/css]
Сохранение в: «aot.ru/aot.css»

     0K ..........                                            100% 2,75M=0,004s

2020-01-20 09:23:04 (2,75 MB/s) - «aot.ru/aot.css» сохранён [10923/10923]

--2020-01-20 09:23:04--  http://aot.ru/images/transparent.gif
Повторное использование соединения с aot.ru:80.
HTTP-запрос отправлен. Ожидание ответа… 200 OK
Длина: 43 [image/gif]
Сохранение в: «aot.ru/images/transparent.gif»

     0K                                                       100% 1,66M=0s

2020-01-20 09:23:04 (1,66 MB/s) - «aot.ru/images/transparent.gif» сохранён [43/43]

--2020-01-20 09:23:04--  http://aot.ru/index.html
Повторное использование соединения с aot.ru:80.
HTTP-запрос отправлен. Ожидание ответа… 416 Requested Range Not Satisfiable

    Файл уже получен полностью; нет действий.

--2020-01-20 09:23:04--  http://aot.ru/history.html
Повторное использование соединения с aot.ru:80.
HTTP-запрос отправлен. Ожидание ответа… 200 OK
Длина: 26116 (26K) [text/html]
Сохранение в: «aot.ru/history.html»

     0K .......... .......... .....                           100%  244K=0,1s

2020-01-20 09:23:04 (244 KB/s) - «aot.ru/history.html» сохранён [26116/26116]

--2020-01-20 09:23:04--  http://aot.ru/onlinedemo.html
Повторное использование соединения с aot.ru:80.
HTTP-запрос отправлен. Ожидание ответа… 200 OK
Длина: 7490 (7,3K) [text/html]
Сохранение в: «aot.ru/onlinedemo.html»

     0K .......                                               100% 2,88M=0,002s

2020-01-20 09:23:04 (2,88 MB/s) - «aot.ru/onlinedemo.html» сохранён [7490/7490]

--2020-01-20 09:23:04--  http://aot.ru/download.php
Повторное использование соединения с aot.ru:80.
HTTP-запрос отправлен. Ожидание ответа… 200 OK
Длина: 21335 (21K)
Сохранение в: «aot.ru/download.php»

     0K .......... ..........                                 100% 2,17M=0,009s

2020-01-20 09:23:04 (2,17 MB/s) - «aot.ru/download.php» сохранён [21335/21335]

--2020-01-20 09:23:04--  http://aot.ru/technology.html
Повторное использование соединения с aot.ru:80.
HTTP-запрос отправлен. Ожидание ответа… 200 OK
Длина: 14452 (14K) [text/html]
Сохранение в: «aot.ru/technology.html»

     0K .......... ....                                       100% 2,02M=0,007s

2020-01-20 09:23:05 (2,02 MB/s) - «aot.ru/technology.html» сохранён [14452/14452]

--2020-01-20 09:23:05--  http://aot.ru/old_news.html
Повторное использование соединения с aot.ru:80.
HTTP-запрос отправлен. Ожидание ответа… 200 OK
Длина: 14848 (14K) [text/html]
Сохранение в: «aot.ru/old_news.html»

     0K .......... ....                                       100% 2,32M=0,006s

2020-01-20 09:23:05 (2,32 MB/s) - «aot.ru/old_news.html» сохранён [14848/14848]

--2020-01-20 09:23:05--  http://aot.ru/product.html
Повторное использование соединения с aot.ru:80.
HTTP-запрос отправлен. Ожидание ответа… 404 Not Found
2020-01-20 09:23:05 ОШИБКА 404: Not Found.

--2020-01-20 09:23:05--  http://aot.ru/images/pankrat_email.gif
Повторное использование соединения с aot.ru:80.
HTTP-запрос отправлен. Ожидание ответа… 200 OK
Длина: 1078 (1,1K) [image/gif]
Сохранение в: «aot.ru/images/pankrat_email.gif»

     0K .                                                     100% 62,4M=0s

2020-01-20 09:23:05 (62,4 MB/s) - «aot.ru/images/pankrat_email.gif» сохранён [1078/1078]

--2020-01-20 09:23:05--  http://aot.ru/search.html
Повторное использование соединения с aot.ru:80.
HTTP-запрос отправлен. Ожидание ответа… 200 OK
Длина: 8865 (8,7K) [text/html]
Сохранение в: «aot.ru/search.html»

     0K ........                                              100% 21,7M=0s

2020-01-20 09:23:05 (21,7 MB/s) - «aot.ru/search.html» сохранён [8865/8865]

--2020-01-20 09:23:05--  http://aot.ru/demo/morph.html
Повторное использование соединения с aot.ru:80.
HTTP-запрос отправлен. Ожидание ответа… 200 OK
Длина: 6435 (6,3K) [text/html]
Сохранение в: «aot.ru/demo/morph.html»

     0K ......                                                100% 9,61M=0,001s

2020-01-20 09:23:05 (9,61 MB/s) - «aot.ru/demo/morph.html» сохранён [6435/6435]

--2020-01-20 09:23:05--  http://aot.ru/demo/synt.html
Повторное использование соединения с aot.ru:80.
HTTP-запрос отправлен. Ожидание ответа… 200 OK
Длина: 5846 (5,7K) [text/html]
Сохранение в: «aot.ru/demo/synt.html»

     0K .....                                                 100% 2,34M=0,002s

2020-01-20 09:23:05 (2,34 MB/s) - «aot.ru/demo/synt.html» сохранён [5846/5846]

--2020-01-20 09:23:05--  http://aot.ru/demo/graph.html
Повторное использование соединения с aot.ru:80.
HTTP-запрос отправлен. Ожидание ответа… 200 OK
Длина: 7434 (7,3K) [text/html]
Сохранение в: «aot.ru/demo/graph.html»

     0K .......                                               100% 2,52M=0,003s

2020-01-20 09:23:05 (2,52 MB/s) - «aot.ru/demo/graph.html» сохранён [7434/7434]

--2020-01-20 09:23:05--  http://aot.ru/demo/translat.html
Повторное использование соединения с aot.ru:80.
HTTP-запрос отправлен. Ожидание ответа… 200 OK
Длина: 6268 (6,1K) [text/html]
Сохранение в: «aot.ru/demo/translat.html»

     0K ......                                                100% 2,46M=0,002s

2020-01-20 09:23:05 (2,46 MB/s) - «aot.ru/demo/translat.html» сохранён [6268/6268]

--2020-01-20 09:23:05--  http://aot.ru/search1.html
Повторное использование соединения с aot.ru:80.
HTTP-запрос отправлен. Ожидание ответа… 200 OK
Длина: 6670 (6,5K) [text/html]
Сохранение в: «aot.ru/search1.html»

     0K ......                                                100% 2,56M=0,002s

2020-01-20 09:23:05 (2,56 MB/s) - «aot.ru/search1.html» сохранён [6670/6670]

--2020-01-20 09:23:05--  http://aot.ru/demo/bigrams.html
Повторное использование соединения с aot.ru:80.
HTTP-запрос отправлен. Ожидание ответа… 200 OK
Длина: 5919 (5,8K) [text/html]
Сохранение в: «aot.ru/demo/bigrams.html»

     0K .....                                                 100% 3,89M=0,001s

2020-01-20 09:23:06 (3,89 MB/s) - «aot.ru/demo/bigrams.html» сохранён [5919/5919]

--2020-01-20 09:23:06--  http://aot.ru/docs/morph.html
Повторное использование соединения с aot.ru:80.
HTTP-запрос отправлен. Ожидание ответа… 200 OK
Длина: 23918 (23K) [text/html]
Сохранение в: «aot.ru/docs/morph.html»

     0K .......... .......... ...                             100% 2,22M=0,01s

2020-01-20 09:23:06 (2,22 MB/s) - «aot.ru/docs/morph.html» сохранён [23918/23918]

--2020-01-20 09:23:06--  http://aot.ru/download/RusLemmatizer.zip
Повторное использование соединения с aot.ru:80.
HTTP-запрос отправлен. Ожидание ответа… 200 OK
Длина: 7295027 (7,0M) [application/zip]
Сохранение в: «aot.ru/download/RusLemmatizer.zip»

     0K .......... .......... .......... .......... ..........  0%  448K 16s
    50K .......... .......... .......... .......... ..........  1% 1,22M 11s
   100K .......... .......... .......... .......... ..........  2%  550K 11s
   150K .......... .......... .......... .......... ..........  2% 1,20M 10s
   200K .......... .......... .......... .......... ..........  3%  151K 17s
   250K .......... .......... .......... .......... ..........  4% 20,1M 14s
   300K .......... .......... .......... .......... ..........  4% 20,1M 12s
   350K .......... .......... .......... .......... ..........  5% 25,4M 10s
   400K .......... .......... .......... .......... ..........  6%  238K 12s
   450K .......... .......... .......... .......... ..........  7% 2,97M 11s
   500K .......... .......... .......... .......... ..........  7% 40,5M 10s
   550K .......... .......... .......... .......... ..........  8%  233K 12s
   600K .......... .......... .......... .......... ..........  9% 8,55M 11s
   650K .......... .......... .......... .......... ..........  9% 25,1M 10s
   700K .......... .......... .......... .......... .......... 10% 26,9M 9s
   750K .......... .......... .......... .......... .......... 11% 50,3M 8s
   800K .......... .......... .......... .......... .......... 11% 11,9M 8s
   850K .......... .......... .......... .......... .......... 12% 1,07M 8s
   900K .......... .......... .......... .......... .......... 13% 1,47M 8s
   950K .......... .......... .......... .......... .......... 14% 1,05M 7s
  1000K .......... .......... .......... .......... .......... 14% 1,06M 7s
  1050K .......... .......... .......... .......... .......... 15% 1,38M 7s
  1100K .......... .......... .......... .......... .......... 16%  940K 7s
  1150K .......... .......... .......... .......... .......... 16%  562K 7s
  1200K .......... .......... .......... .......... .......... 17% 1,25M 7s
  1250K .......... .......... .......... .......... .......... 18%  404K 7s
  1300K .......... .......... .......... .......... .......... 18% 21,1M 7s
  1350K .......... .......... .......... .......... .......... 19% 22,5M 7s
  1400K .......... .......... .......... .......... .......... 20%  995K 6s
  1450K .......... .......... .......... .......... .......... 21%  924K 6s
  1500K .......... .......... .......... .......... .......... 21%  957K 6s
  1550K .......... .......... .......... .......... .......... 22%  943K 6s
  1600K .......... .......... .......... .......... .......... 23% 1,01M 6s
  1650K .......... .......... .......... .......... .......... 23%  916K 6s
  1700K .......... .......... .......... .......... .......... 24% 1,05M 6s
  1750K .......... .......... .......... .......... .......... 25%  911K 6s
  1800K .......... .......... .......... .......... .......... 25% 1,07M 6s
  1850K .......... .......... .......... .......... .......... 26%  921K 6s
  1900K .......... .......... .......... .......... .......... 27% 1,08M 6s
  1950K .......... .......... .......... .......... .......... 28%  901K 6s
  2000K .......... .......... .......... .......... .......... 28% 1,19M 6s
  2050K .......... .......... .......... .......... .......... 29%  838K 6s
  2100K .......... .......... .......... .......... .......... 30% 1,35M 5s
  2150K .......... .......... .......... .......... .......... 30%  863K 5s
  2200K .......... .......... .......... .......... .......... 31% 1,22M 5s
  2250K .......... .......... .......... .......... .......... 32% 1,02M 5s
  2300K .......... .......... .......... .......... .......... 32%  981K 5s
  2350K .......... .......... .......... .......... .......... 33% 1,10M 5s
  2400K .......... .......... .......... .......... .......... 34%  981K 5s
  2450K .......... .......... .......... .......... .......... 35% 1,11M 5s
  2500K .......... .......... .......... .......... .......... 35% 1,09M 5s
  2550K .......... .......... .......... .......... .......... 36%  957K 5s
  2600K .......... .......... .......... .......... .......... 37% 1,09M 5s
  2650K .......... .......... .......... .......... .......... 37% 1,30M 5s
  2700K .......... .......... .......... .......... .......... 38%  891K 5s
  2750K .......... .......... .......... .......... .......... 39% 1,27M 5s
  2800K .......... .......... .......... .......... .......... 40% 1,13M 4s
  2850K .......... .......... .......... .......... .......... 40%  982K 4s
  2900K .......... .......... .......... .......... .......... 41% 1,11M 4s
  2950K .......... .......... .......... .......... .......... 42% 1,04M 4s
  3000K .......... .......... .......... .......... .......... 42% 1,04M 4s
  3050K .......... .......... .......... .......... .......... 43% 1,10M 4s
  3100K .......... .......... .......... .......... .......... 44% 1,31M 4s
  3150K .......... .......... .......... .......... .......... 44%  872K 4s
  3200K .......... .......... .......... .......... .......... 45% 1,33M 4s
  3250K .......... .......... .......... .......... .......... 46% 1,11M 4s
  3300K .......... .......... .......... .......... .......... 47% 1,02M 4s
  3350K .......... .......... .......... .......... .......... 47% 1,06M 4s
  3400K .......... .......... .......... .......... .......... 48% 1,12M 4s
  3450K .......... .......... .......... .......... .......... 49% 1,27M 4s
  3500K .......... .......... .......... .......... .......... 49%  920K 4s
  3550K .......... .......... .......... .......... .......... 50% 1,35M 4s
  3600K .......... .......... .......... .......... .......... 51% 1,12M 4s
  3650K .......... .......... .......... .......... .......... 51% 1,01M 3s
  3700K .......... .......... .......... .......... .......... 52% 1,07M 3s
  3750K .......... .......... .......... .......... .......... 53% 1,09M 3s
  3800K .......... .......... .......... .......... .......... 54% 1,03M 3s
  3850K .......... .......... .......... .......... .......... 54% 1,14M 3s
  3900K .......... .......... .......... .......... .......... 55% 1,39M 3s
  3950K .......... .......... .......... .......... .......... 56%  865K 3s
  4000K .......... .......... .......... .......... .......... 56% 1,38M 3s
  4050K .......... .......... .......... .......... .......... 57% 1,10M 3s
  4100K .......... .......... .......... .......... .......... 58% 1,07M 3s
  4150K .......... .......... .......... .......... .......... 58% 1,09M 3s
  4200K .......... .......... .......... .......... .......... 59% 1,03M 3s
  4250K .......... .......... .......... .......... .......... 60% 1,36M 3s
  4300K .......... .......... .......... .......... .......... 61%  526K 3s
  4350K .......... .......... .......... .......... .......... 61% 1,66M 3s
  4400K .......... .......... .......... .......... .......... 62% 1,63M 3s
  4450K .......... .......... .......... .......... .......... 63%  717K 3s
  4500K .......... .......... .......... .......... .......... 63% 1,56M 3s
  4550K .......... .......... .......... .......... .......... 64%  830K 3s
  4600K .......... .......... .......... .......... .......... 65% 1,38M 2s
  4650K .......... .......... .......... .......... .......... 65%  934K 2s
  4700K .......... .......... .......... .......... .......... 66% 1,26M 2s
  4750K .......... .......... .......... .......... .......... 67% 1,49M 2s
  4800K .......... .......... .......... .......... .......... 68%  853K 2s
  4850K .......... .......... .......... .......... .......... 68% 1,41M 2s
  4900K .......... .......... .......... .......... .......... 69%  893K 2s
  4950K .......... .......... .......... .......... .......... 70% 1,33M 2s
  5000K .......... .......... .......... .......... .......... 70%  976K 2s
  5050K .......... .......... .......... .......... .......... 71% 1,23M 2s
  5100K .......... .......... .......... .......... .......... 72% 1,42M 2s
  5150K .......... .......... .......... .......... .......... 72%  909K 2s
  5200K .......... .......... .......... .......... .......... 73% 1,36M 2s
  5250K .......... .......... .......... .......... .......... 74%  906K 2s
  5300K .......... .......... .......... .......... .......... 75% 1,27M 2s
  5350K .......... .......... .......... .......... .......... 75%  923K 2s
  5400K .......... .......... .......... .......... .......... 76% 1,34M 2s
  5450K .......... .......... .......... .......... .......... 77%  661K 2s
  5500K .......... .......... .......... .......... .......... 77% 1,62M 2s
  5550K .......... .......... .......... .......... .......... 78%  815K 2s
  5600K .......... .......... .......... .......... .......... 79% 1,51M 1s
  5650K .......... .......... .......... .......... .......... 80% 1,73M 1s
  5700K .......... .......... .......... .......... .......... 80%  745K 1s
  5750K .......... .......... .......... .......... .......... 81% 1,59M 1s
  5800K .......... .......... .......... .......... .......... 82%  821K 1s
  5850K .......... .......... .......... .......... .......... 82% 1,51M 1s
  5900K .......... .......... .......... .......... .......... 83%  867K 1s
  5950K .......... .......... .......... .......... .......... 84% 1,42M 1s
  6000K .......... .......... .......... .......... .......... 84% 1,52M 1s
  6050K .......... .......... .......... .......... .......... 85%  842K 1s
  6100K .......... .......... .......... .......... .......... 86% 1,47M 1s
  6150K .......... .......... .......... .......... .......... 87%  831K 1s
  6200K .......... .......... .......... .......... .......... 87% 1,46M 1s
  6250K .......... .......... .......... .......... .......... 88%  904K 1s
  6300K .......... .......... .......... .......... .......... 89% 1,35M 1s
  6350K .......... .......... .......... .......... .......... 89% 1,50M 1s
  6400K .......... .......... .......... .......... .......... 90%  847K 1s
  6450K .......... .......... .......... .......... .......... 91% 1,51M 1s
  6500K .......... .......... .......... .......... .......... 91%  904K 1s
  6550K .......... .......... .......... .......... .......... 92% 1,46M 1s
  6600K .......... .......... .......... .......... .......... 93%  938K 0s
  6650K .......... .......... .......... .......... .......... 94% 1,29M 0s
  6700K .......... .......... .......... .......... .......... 94% 1,42M 0s
  6750K .......... .......... .......... .......... .......... 95%  898K 0s
  6800K .......... .......... .......... .......... .......... 96% 1,38M 0s
  6850K .......... .......... .......... .......... .......... 96%  944K 0s
  6900K .......... .......... .......... .......... .......... 97% 1,44M 0s
  6950K .......... .......... .......... .......... .......... 98%  917K 0s
  7000K .......... .......... .......... .......... .......... 98% 1,35M 0s
  7050K .......... .......... .......... .......... .......... 99% 1,44M 0s
  7100K .......... .......... ....                            100%  715K=6,8s

2020-01-20 09:23:13 (1,02 MB/s) - «aot.ru/download/RusLemmatizer.zip» сохранён [7295027/7295027]

--2020-01-20 09:23:13--  http://aot.ru/download/MorphWizard.zip
Повторное использование соединения с aot.ru:80.
HTTP-запрос отправлен. Ожидание ответа… 200 OK
Длина: 3714563 (3,5M) [application/zip]
Сохранение в: «aot.ru/download/MorphWizard.zip»

     0K .......... .......... .......... .......... ..........  1% 1,77M 2s
    50K .......... .......... .......... .......... ..........  2%  234K 9s
   100K .......... .......... .......... .......... ..........  4% 2,94M 6s
   150K .......... .......... .......... .......... ..........  5% 3,85M 5s
   200K .......... .......... .......... .......... ..........  6%  630K 5s
   250K .......... .......... .......... .......... ..........  8%  697K 5s
   300K .......... .......... .......... .......... ..........  9% 1,18M 4s
   350K .......... .......... .......... .......... .......... 11%  715K 4s
   400K .......... .......... .......... .......... .......... 12% 1,25M 4s
   450K .......... .......... .......... .......... .......... 13%  739K 4s
   500K .......... .......... .......... .......... .......... 15% 1,26M 4s
   550K .......... .......... .......... .......... .......... 16%  676K 4s
   600K .......... .......... .......... .......... .......... 17% 1,56M 4s
   650K .......... .......... .......... .......... .......... 19%  692K 4s
   700K .......... .......... .......... .......... .......... 20% 1,52M 3s
   750K .......... .......... .......... .......... .......... 22%  694K 3s
   800K .......... .......... .......... .......... .......... 23% 1,47M 3s
   850K .......... .......... .......... .......... .......... 24%  758K 3s
   900K .......... .......... .......... .......... .......... 26% 1,42M 3s
   950K .......... .......... .......... .......... .......... 27%  743K 3s
  1000K .......... .......... .......... .......... .......... 28% 1,43M 3s
  1050K .......... .......... .......... .......... .......... 30%  793K 3s
  1100K .......... .......... .......... .......... .......... 31% 1,43M 3s
  1150K .......... .......... .......... .......... .......... 33%  813K 3s
  1200K .......... .......... .......... .......... .......... 34% 1,30M 3s
  1250K .......... .......... .......... .......... .......... 35%  588K 3s
  1300K .......... .......... .......... .......... .......... 37% 1,60M 3s
  1350K .......... .......... .......... .......... .......... 38%  724K 3s
  1400K .......... .......... .......... .......... .......... 39% 1,60M 2s
  1450K .......... .......... .......... .......... .......... 41%  760K 2s
  1500K .......... .......... .......... .......... .......... 42% 1,58M 2s
  1550K .......... .......... .......... .......... .......... 44%  784K 2s
  1600K .......... .......... .......... .......... .......... 45% 1,50M 2s
  1650K .......... .......... .......... .......... .......... 46% 1,61M 2s
  1700K .......... .......... .......... .......... .......... 48%  786K 2s
  1750K .......... .......... .......... .......... .......... 49% 1,53M 2s
  1800K .......... .......... .......... .......... .......... 50%  818K 2s
  1850K .......... .......... .......... .......... .......... 52% 1,42M 2s
  1900K .......... .......... .......... .......... .......... 53%  838K 2s
  1950K .......... .......... .......... .......... .......... 55% 1,55M 2s
  2000K .......... .......... .......... .......... .......... 56% 1,51M 2s
  2050K .......... .......... .......... .......... .......... 57%  844K 2s
  2100K .......... .......... .......... .......... .......... 59% 1,48M 2s
  2150K .......... .......... .......... .......... .......... 60%  845K 1s
  2200K .......... .......... .......... .......... .......... 62% 1,52M 1s
  2250K .......... .......... .......... .......... .......... 63%  853K 1s
  2300K .......... .......... .......... .......... .......... 64% 1,50M 1s
  2350K .......... .......... .......... .......... .......... 66% 1,48M 1s
  2400K .......... .......... .......... .......... .......... 67%  839K 1s
  2450K .......... .......... .......... .......... .......... 68% 1,54M 1s
  2500K .......... .......... .......... .......... .......... 70%  871K 1s
  2550K .......... .......... .......... .......... .......... 71% 1,56M 1s
  2600K .......... .......... .......... .......... .......... 73%  863K 1s
  2650K .......... .......... .......... .......... .......... 74% 1,45M 1s
  2700K .......... .......... .......... .......... .......... 75% 1,52M 1s
  2750K .......... .......... .......... .......... .......... 77%  848K 1s
  2800K .......... .......... .......... .......... .......... 78% 1,57M 1s
  2850K .......... .......... .......... .......... .......... 79%  864K 1s
  2900K .......... .......... .......... .......... .......... 81% 1,53M 1s
  2950K .......... .......... .......... .......... .......... 82%  881K 1s
  3000K .......... .......... .......... .......... .......... 84% 1,40M 1s
  3050K .......... .......... .......... .......... .......... 85% 1,57M 1s
  3100K .......... .......... .......... .......... .......... 86%  886K 0s
  3150K .......... .......... .......... .......... .......... 88% 1,49M 0s
  3200K .......... .......... .......... .......... .......... 89%  934K 0s
  3250K .......... .......... .......... .......... .......... 90% 1,39M 0s
  3300K .......... .......... .......... .......... .......... 92% 1,54M 0s
  3350K .......... .......... .......... .......... .......... 93%  904K 0s
  3400K .......... .......... .......... .......... .......... 95% 1,41M 0s
  3450K .......... .......... .......... .......... .......... 96%  962K 0s
  3500K .......... .......... .......... .......... .......... 97% 1,33M 0s
  3550K .......... .......... .......... .......... .......... 99% 1,50M 0s
  3600K .......... .......... .......                         100%  676K=3,5s

2020-01-20 09:23:16 (1,01 MB/s) - «aot.ru/download/MorphWizard.zip» сохранён [3714563/3714563]

--2020-01-20 09:23:16--  http://aot.ru/download/concord.zip
Повторное использование соединения с aot.ru:80.
HTTP-запрос отправлен. Ожидание ответа… 200 OK
Длина: 15205870 (15M) [application/zip]
Сохранение в: «aot.ru/download/concord.zip»

     0K .......... .......... .......... .......... ..........  0% 1,75M 8s
    50K .......... .......... .......... .......... ..........  0%  234K 36s
   100K .......... .......... .......... .......... ..........  1% 2,81M 25s
   150K .......... .......... .......... .......... ..........  1% 4,67M 20s
   200K .......... .......... .......... .......... ..........  1%  616K 20s
   250K .......... .......... .......... .......... ..........  2%  708K 20s
   300K .......... .......... .......... .......... ..........  2% 1,22M 19s
   350K .......... .......... .......... .......... ..........  2%  690K 19s
   400K .......... .......... .......... .......... ..........  3% 1,32M 18s
   450K .......... .......... .......... .......... ..........  3%  692K 18s
   500K .......... .......... .......... .......... ..........  3% 1,43M 18s
   550K .......... .......... .......... .......... ..........  4%  659K 18s
   600K .......... .......... .......... .......... ..........  4% 1,47M 17s
   650K .......... .......... .......... .......... ..........  4%  708K 17s
   700K .......... .......... .......... .......... ..........  5% 1,44M 17s
   750K .......... .......... .......... .......... ..........  5%  709K 17s
   800K .......... .......... .......... .......... ..........  5% 1,45M 16s
   850K .......... .......... .......... .......... ..........  6%  767K 16s
   900K .......... .......... .......... .......... ..........  6% 1,39M 16s
   950K .......... .......... .......... .......... ..........  6%  746K 16s
  1000K .......... .......... .......... .......... ..........  7% 1,45M 16s
  1050K .......... .......... .......... .......... ..........  7%  777K 16s
  1100K .......... .......... .......... .......... ..........  7% 1,40M 15s
  1150K .......... .......... .......... .......... ..........  8%  784K 15s
  1200K .......... .......... .......... .......... ..........  8% 1,41M 15s
  1250K .......... .......... .......... .......... ..........  8%  843K 15s
  1300K .......... .......... .......... .......... ..........  9% 1,29M 15s
  1350K .......... .......... .......... .......... ..........  9%  824K 15s
  1400K .......... .......... .......... .......... ..........  9% 1,40M 15s
  1450K .......... .......... .......... .......... .......... 10%  866K 15s
  1500K .......... .......... .......... .......... .......... 10% 1,27M 14s
  1550K .......... .......... .......... .......... .......... 10% 1,53M 14s
  1600K .......... .......... .......... .......... .......... 11%  754K 14s
  1650K .......... .......... .......... .......... .......... 11% 1,64M 14s
  1700K .......... .......... .......... .......... .......... 11%  795K 14s
  1750K .......... .......... .......... .......... .......... 12% 1,53M 14s
  1800K .......... .......... .......... .......... .......... 12%  892K 14s
  1850K .......... .......... .......... .......... .......... 12% 1,27M 14s
  1900K .......... .......... .......... .......... .......... 13%  939K 14s
  1950K .......... .......... .......... .......... .......... 13% 1,28M 13s
  2000K .......... .......... .......... .......... .......... 13% 1,53M 13s
  2050K .......... .......... .......... .......... .......... 14%  829K 13s
  2100K .......... .......... .......... .......... .......... 14% 1,53M 13s
  2150K .......... .......... .......... .......... .......... 14%  794K 13s
  2200K .......... .......... .......... .......... .......... 15% 1,56M 13s
  2250K .......... .......... .......... .......... .......... 15%  966K 13s
  2300K .......... .......... .......... .......... .......... 15% 1,28M 13s
  2350K .......... .......... .......... .......... .......... 16% 1,53M 13s
  2400K .......... .......... .......... .......... .......... 16%  847K 13s
  2450K .......... .......... .......... .......... .......... 16% 1,55M 12s
  2500K .......... .......... .......... .......... .......... 17%  946K 12s
  2550K .......... .......... .......... .......... .......... 17% 1,25M 12s
  2600K .......... .......... .......... .......... .......... 17%  963K 12s
  2650K .......... .......... .......... .......... .......... 18% 1,32M 12s
  2700K .......... .......... .......... .......... .......... 18% 1,48M 12s
  2750K .......... .......... .......... .......... .......... 18%  874K 12s
  2800K .......... .......... .......... .......... .......... 19%  650K 12s
  2850K .......... .......... .......... .......... .......... 19% 3,06M 12s
  2900K .......... .......... .......... .......... .......... 19% 1,55M 12s
  2950K .......... .......... .......... .......... .......... 20%  620K 12s
  3000K .......... .......... .......... .......... .......... 20% 1,61M 12s
  3050K .......... .......... .......... .......... .......... 20%  857K 12s
  3100K .......... .......... .......... .......... .......... 21% 1,55M 12s
  3150K .......... .......... .......... .......... .......... 21% 1,70M 11s
  3200K .......... .......... .......... .......... .......... 21%  837K 11s
  3250K .......... .......... .......... .......... .......... 22% 1,53M 11s
  3300K .......... .......... .......... .......... .......... 22%  883K 11s
  3350K .......... .......... .......... .......... .......... 22% 1,46M 11s
  3400K .......... .......... .......... .......... .......... 23%  955K 11s
  3450K .......... .......... .......... .......... .......... 23% 1,43M 11s
  3500K .......... .......... .......... .......... .......... 23% 1,38M 11s
  3550K .......... .......... .......... .......... .......... 24%  907K 11s
  3600K .......... .......... .......... .......... .......... 24% 1,48M 11s
  3650K .......... .......... .......... .......... .......... 24%  927K 11s
  3700K .......... .......... .......... .......... .......... 25% 1,42M 11s
  3750K .......... .......... .......... .......... .......... 25% 1,52M 11s
  3800K .......... .......... .......... .......... .......... 25%  912K 11s
  3850K .......... .......... .......... .......... .......... 26% 1,37M 11s
  3900K .......... .......... .......... .......... .......... 26%  956K 10s
  3950K .......... .......... .......... .......... .......... 26% 1,33M 10s
  4000K .......... .......... .......... .......... .......... 27% 1,54M 10s
  4050K .......... .......... .......... .......... .......... 27%  915K 10s
  4100K .......... .......... .......... .......... .......... 27% 1,43M 10s
  4150K .......... .......... .......... .......... .......... 28%  912K 10s
  4200K .......... .......... .......... .......... .......... 28% 1,44M 10s
  4250K .......... .......... .......... .......... .......... 28% 1001K 10s
  4300K .......... .......... .......... .......... .......... 29% 1,36M 10s
  4350K .......... .......... .......... .......... .......... 29% 1,37M 10s
  4400K .......... .......... .......... .......... .......... 29%  933K 10s
  4450K .......... .......... .......... .......... .......... 30% 1,41M 10s
  4500K .......... .......... .......... .......... .......... 30%  991K 10s
  4550K .......... .......... .......... .......... .......... 30% 1,31M 10s
  4600K .......... .......... .......... .......... .......... 31% 1,42M 10s
  4650K .......... .......... .......... .......... .......... 31%  833K 10s
  4700K .......... .......... .......... .......... .......... 31% 1,60M 10s
  4750K .......... .......... .......... .......... .......... 32%  975K 9s
  4800K .......... .......... .......... .......... .......... 32% 1,26M 9s
  4850K .......... .......... .......... .......... .......... 32% 1,55M 9s
  4900K .......... .......... .......... .......... .......... 33%  837K 9s
  4950K .......... .......... .......... .......... .......... 33% 1,60M 9s
  5000K .......... .......... .......... .......... .......... 34% 1,02M 9s
  5050K .......... .......... .......... .......... .......... 34% 1,14M 9s
  5100K .......... .......... .......... .......... .......... 34% 1,20M 9s
  5150K .......... .......... .......... .......... .......... 35% 1,05M 9s
  5200K .......... .......... .......... .......... .......... 35% 1,49M 9s
  5250K .......... .......... .......... .......... .......... 35%  908K 9s
  5300K .......... .......... .......... .......... .......... 36% 1,45M 9s
  5350K .......... .......... .......... .......... .......... 36% 1,04M 9s
  5400K .......... .......... .......... .......... .......... 36% 1,20M 9s
  5450K .......... .......... .......... .......... .......... 37% 1,38M 9s
  5500K .......... .......... .......... .......... .......... 37%  919K 9s
  5550K .......... .......... .......... .......... .......... 37% 1,44M 9s
  5600K .......... .......... .......... .......... .......... 38% 1,07M 9s
  5650K .......... .......... .......... .......... .......... 38% 1,21M 8s
  5700K .......... .......... .......... .......... .......... 38% 1,29M 8s
  5750K .......... .......... .......... .......... .......... 39%  977K 8s
  5800K .......... .......... .......... .......... .......... 39% 1,44M 8s
  5850K .......... .......... .......... .......... .......... 39%  920K 8s
  5900K .......... .......... .......... .......... .......... 40% 1,48M 8s
  5950K .......... .......... .......... .......... .......... 40% 1,41M 8s
  6000K .......... .......... .......... .......... .......... 40%  915K 8s
  6050K .......... .......... .......... .......... .......... 41% 1,45M 8s
  6100K .......... .......... .......... .......... .......... 41%  941K 8s
  6150K .......... .......... .......... .......... .......... 41% 1,38M 8s
  6200K .......... .......... .......... .......... .......... 42% 1,04M 8s
  6250K .......... .......... .......... .......... .......... 42% 1,18M 8s
  6300K .......... .......... .......... .......... .......... 42% 1,51M 8s
  6350K .......... .......... .......... .......... .......... 43%  880K 8s
  6400K .......... .......... .......... .......... .......... 43% 1,58M 8s
  6450K .......... .......... .......... .......... .......... 43% 1022K 8s
  6500K .......... .......... .......... .......... .......... 44% 1,24M 8s
  6550K .......... .......... .......... .......... .......... 44% 1,50M 8s
  6600K .......... .......... .......... .......... .......... 44%  902K 8s
  6650K .......... .......... .......... .......... .......... 45% 1,58M 7s
  6700K .......... .......... .......... .......... .......... 45% 1,04M 7s
  6750K .......... .......... .......... .......... .......... 45% 1,19M 7s
  6800K .......... .......... .......... .......... .......... 46% 1,49M 7s
  6850K .......... .......... .......... .......... .......... 46%  932K 7s
  6900K .......... .......... .......... .......... .......... 46% 1,49M 7s
  6950K .......... .......... .......... .......... .......... 47%  982K 7s
  7000K .......... .......... .......... .......... .......... 47% 1,38M 7s
  7050K .......... .......... .......... .......... .......... 47% 1,52M 7s
  7100K .......... .......... .......... .......... .......... 48%  942K 7s
  7150K .......... .......... .......... .......... .......... 48% 1,49M 7s
  7200K .......... .......... .......... .......... .......... 48%  991K 7s
  7250K .......... .......... .......... .......... .......... 49% 1,37M 7s
  7300K .......... .......... .......... .......... .......... 49% 1,61M 7s
  7350K .......... .......... .......... .......... .......... 49%  913K 7s
  7400K .......... .......... .......... .......... .......... 50% 1,47M 7s
  7450K .......... .......... .......... .......... .......... 50%  843K 7s
  7500K .......... .......... .......... .......... .......... 50% 1,58M 7s
  7550K .......... .......... .......... .......... .......... 51%  712K 7s
  7600K .......... .......... .......... .......... .......... 51% 1,16M 7s
  7650K .......... .......... .......... .......... .......... 51% 1,01M 6s
  7700K .......... .......... .......... .......... .......... 52% 1,62M 6s
  7750K .......... .......... .......... .......... .......... 52%  924K 6s
  7800K .......... .......... .......... .......... .......... 52% 1,52M 6s
  7850K .......... .......... .......... .......... .......... 53% 1,54M 6s
  7900K .......... .......... .......... .......... .......... 53%  981K 6s
  7950K .......... .......... .......... .......... .......... 53% 1,57M 6s
  8000K .......... .......... .......... .......... .......... 54% 1,09M 6s
  8050K .......... .......... .......... .......... .......... 54% 1,31M 6s
  8100K .......... .......... .......... .......... .......... 54% 1,54M 6s
  8150K .......... .......... .......... .......... .......... 55% 1,02M 6s
  8200K .......... .......... .......... .......... .......... 55% 1,48M 6s
  8250K .......... .......... .......... .......... .......... 55% 1,51M 6s
  8300K .......... .......... .......... .......... .......... 56% 1,04M 6s
  8350K .......... .......... .......... .......... .......... 56% 1,49M 6s
  8400K .......... .......... .......... .......... .......... 56% 1,54M 6s
  8450K .......... .......... .......... .......... .......... 57% 1,07M 6s
  8500K .......... .......... .......... .......... .......... 57% 1,51M 6s
  8550K .......... .......... .......... .......... .......... 57% 1,07M 6s
  8600K .......... .......... .......... .......... .......... 58% 1,48M 6s
  8650K .......... .......... .......... .......... .......... 58% 1,46M 5s
  8700K .......... .......... .......... .......... .......... 58%  976K 5s
  8750K .......... .......... .......... .......... .......... 59% 1,20M 5s
  8800K .......... .......... .......... .......... .......... 59%  570K 5s
  8850K .......... .......... .......... .......... .......... 59%  302K 5s
  8900K .......... .......... .......... .......... .......... 60% 2,76M 5s
  8950K .......... .......... .......... .......... .......... 60% 2,62M 5s
  9000K .......... .......... .......... .......... .......... 60% 6,80M 5s
  9050K .......... .......... .......... .......... .......... 61% 1,04M 5s
  9100K .......... .......... .......... .......... .......... 61%  912K 5s
  9150K .......... .......... .......... .......... .......... 61% 1,18M 5s
  9200K .......... .......... .......... .......... .......... 62%  826K 5s
  9250K .......... .......... .......... .......... .......... 62% 1,37M 5s
  9300K .......... .......... .......... .......... .......... 62%  810K 5s
  9350K .......... .......... .......... .......... .......... 63% 1,50M 5s
  9400K .......... .......... .......... .......... .......... 63%  912K 5s
  9450K .......... .......... .......... .......... .......... 63% 1,17M 5s
  9500K .......... .......... .......... .......... .......... 64% 1022K 5s
  9550K .......... .......... .......... .......... .......... 64% 1,03M 5s
  9600K .......... .......... .......... .......... .......... 64% 1,45M 5s
  9650K .......... .......... .......... .......... .......... 65%  889K 5s
  9700K .......... .......... .......... .......... .......... 65% 1,08M 5s
  9750K .......... .......... .......... .......... .......... 65% 1,39M 5s
  9800K .......... .......... .......... .......... .......... 66% 1,01M 5s
  9850K .......... .......... .......... .......... .......... 66% 1001K 4s
  9900K .......... .......... .......... .......... .......... 67% 1,21M 4s
  9950K .......... .......... .......... .......... .......... 67% 1,21M 4s
 10000K .......... .......... .......... .......... .......... 67%  984K 4s
 10050K .......... .......... .......... .......... .......... 68% 1,39M 4s
 10100K .......... .......... .......... .......... .......... 68%  940K 4s
 10150K .......... .......... .......... .......... .......... 68% 1,42M 4s
 10200K .......... .......... .......... .......... .......... 69% 1,58M 4s
 10250K .......... .......... .......... .......... .......... 69%  957K 4s
 10300K .......... .......... .......... .......... .......... 69% 1,36M 4s
 10350K .......... .......... .......... .......... .......... 70% 1,38M 4s
 10400K .......... .......... .......... .......... .......... 70% 1,00M 4s
 10450K .......... .......... .......... .......... .......... 70% 1,51M 4s
 10500K .......... .......... .......... .......... .......... 71% 1015K 4s
 10550K .......... .......... .......... .......... .......... 71% 1,39M 4s
 10600K .......... .......... .......... .......... .......... 71% 1,55M 4s
 10650K .......... .......... .......... .......... .......... 72% 1004K 4s
 10700K .......... .......... .......... .......... .......... 72% 1,47M 4s
 10750K .......... .......... .......... .......... .......... 72% 1,10M 4s
 10800K .......... .......... .......... .......... .......... 73% 1,27M 4s
 10850K .......... .......... .......... .......... .......... 73% 1,53M 4s
 10900K .......... .......... .......... .......... .......... 73% 1,14M 3s
 10950K .......... .......... .......... .......... .......... 74% 1,27M 3s
 11000K .......... .......... .......... .......... .......... 74% 1,63M 3s
 11050K .......... .......... .......... .......... .......... 74% 1,06M 3s
 11100K .......... .......... .......... .......... .......... 75% 1,47M 3s
 11150K .......... .......... .......... .......... .......... 75% 1,56M 3s
 11200K .......... .......... .......... .......... .......... 75%  934K 3s
 11250K .......... .......... .......... .......... .......... 76% 1,59M 3s
 11300K .......... .......... .......... .......... .......... 76% 1,29M 3s
 11350K .......... .......... .......... .......... .......... 76% 1,12M 3s
 11400K .......... .......... .......... .......... .......... 77% 1,31M 3s
 11450K .......... .......... .......... .......... .......... 77% 1,69M 3s
 11500K .......... .......... .......... .......... .......... 77% 1,01M 3s
 11550K .......... .......... .......... .......... .......... 78% 1,33M 3s
 11600K .......... .......... .......... .......... .......... 78% 1,67M 3s
 11650K .......... .......... .......... .......... .......... 78% 1,08M 3s
 11700K .......... .......... .......... .......... .......... 79% 1,38M 3s
 11750K .......... .......... .......... .......... .......... 79% 1,55M 3s
 11800K .......... .......... .......... .......... .......... 79% 1,11M 3s
 11850K .......... .......... .......... .......... .......... 80% 1,47M 3s
 11900K .......... .......... .......... .......... .......... 80% 1,57M 3s
 11950K .......... .......... .......... .......... .......... 80% 1,16M 3s
 12000K .......... .......... .......... .......... .......... 81% 1,50M 2s
 12050K .......... .......... .......... .......... .......... 81% 1,57M 2s
 12100K .......... .......... .......... .......... .......... 81% 1,17M 2s
 12150K .......... .......... .......... .......... .......... 82% 1,47M 2s
 12200K .......... .......... .......... .......... .......... 82% 1,56M 2s
 12250K .......... .......... .......... .......... .......... 82% 1,17M 2s
 12300K .......... .......... .......... .......... .......... 83% 1,41M 2s
 12350K .......... .......... .......... .......... .......... 83% 1,60M 2s
 12400K .......... .......... .......... .......... .......... 83%  601K 2s
 12450K .......... .......... .......... .......... .......... 84% 1,61M 2s
 12500K .......... .......... .......... .......... .......... 84% 1,81M 2s
 12550K .......... .......... .......... .......... .......... 84% 1007K 2s
 12600K .......... .......... .......... .......... .......... 85% 1,49M 2s
 12650K .......... .......... .......... .......... .......... 85% 1,60M 2s
 12700K .......... .......... .......... .......... .......... 85% 1,10M 2s
 12750K .......... .......... .......... .......... .......... 86% 1,40M 2s
 12800K .......... .......... .......... .......... .......... 86% 1,63M 2s
 12850K .......... .......... .......... .......... .......... 86% 1,19M 2s
 12900K .......... .......... .......... .......... .......... 87% 1,53M 2s
 12950K .......... .......... .......... .......... .......... 87% 1,31M 2s
 13000K .......... .......... .......... .......... .......... 87% 1,35M 2s
 13050K .......... .......... .......... .......... .......... 88% 1,56M 2s
 13100K .......... .......... .......... .......... .......... 88% 1,36M 1s
 13150K .......... .......... .......... .......... .......... 88% 1,30M 1s
 13200K .......... .......... .......... .......... .......... 89% 1,55M 1s
 13250K .......... .......... .......... .......... .......... 89% 1,21M 1s
 13300K .......... .......... .......... .......... .......... 89% 1,52M 1s
 13350K .......... .......... .......... .......... .......... 90% 1,58M 1s
 13400K .......... .......... .......... .......... .......... 90% 1,15M 1s
 13450K .......... .......... .......... .......... .......... 90% 1,52M 1s
 13500K .......... .......... .......... .......... .......... 91% 1,59M 1s
 13550K .......... .......... .......... .......... .......... 91% 1,14M 1s
 13600K .......... .......... .......... .......... .......... 91% 1,48M 1s
 13650K .......... .......... .......... .......... .......... 92% 1,61M 1s
 13700K .......... .......... .......... .......... .......... 92% 1,14M 1s
 13750K .......... .......... .......... .......... .......... 92% 1,51M 1s
 13800K .......... .......... .......... .......... .......... 93% 1,54M 1s
 13850K .......... .......... .......... .......... .......... 93% 1,21M 1s
 13900K .......... .......... .......... .......... .......... 93% 1,54M 1s
 13950K .......... .......... .......... .......... .......... 94% 1,44M 1s
 14000K .......... .......... .......... .......... .......... 94% 1,22M 1s
 14050K .......... .......... .......... .......... .......... 94% 1,54M 1s
 14100K .......... .......... .......... .......... .......... 95% 1,52M 1s
 14150K .......... .......... .......... .......... .......... 95% 1,16M 1s
 14200K .......... .......... .......... .......... .......... 95% 1,57M 1s
 14250K .......... .......... .......... .......... .......... 96% 1,51M 0s
 14300K .......... .......... .......... .......... .......... 96% 1,17M 0s
 14350K .......... .......... .......... .......... .......... 96% 1,53M 0s
 14400K .......... .......... .......... .......... .......... 97% 1,54M 0s
 14450K .......... .......... .......... .......... .......... 97% 1,20M 0s
 14500K .......... .......... .......... .......... .......... 97% 1,44M 0s
 14550K .......... .......... .......... .......... .......... 98% 1,58M 0s
 14600K .......... .......... .......... .......... .......... 98% 1,18M 0s
 14650K .......... .......... .......... .......... .......... 98% 1,54M 0s
 14700K .......... .......... .......... .......... .......... 99% 1,53M 0s
 14750K .......... .......... .......... .......... .......... 99% 1,17M 0s
 14800K .......... .......... .......... .......... ......... 100% 1,55M=13s

2020-01-20 09:23:29 (1,15 MB/s) - «aot.ru/download/concord.zip» сохранён [15205870/15205870]

--2020-01-20 09:23:29--  http://aot.ru/download/Morphology.zip
Повторное использование соединения с aot.ru:80.
HTTP-запрос отправлен. Ожидание ответа… 200 OK
Длина: 1870365 (1,8M) [application/zip]
Сохранение в: «aot.ru/download/Morphology.zip»

     0K .......... .......... .......... .......... ..........  2% 1,73M 1s
    50K .......... .......... .......... .......... ..........  5%  232K 4s
   100K .......... .......... .......... .......... ..........  8% 1,37M 3s
   150K .......... .......... .......... .......... .......... 10% 22,1M 2s
   200K .......... .......... .......... .......... .......... 13%  928K 2s
   250K .......... .......... .......... .......... .......... 16% 1,17M 2s
   300K .......... .......... .......... .......... .......... 19%  906K 2s
   350K .......... .......... .......... .......... .......... 21% 1,10M 2s
   400K .......... .......... .......... .......... .......... 24%  920K 2s
   450K .......... .......... .......... .......... .......... 27% 1,19M 2s
   500K .......... .......... .......... .......... .......... 30%  901K 1s
   550K .......... .......... .......... .......... .......... 32% 1,27M 1s
   600K .......... .......... .......... .......... .......... 35% 1,53M 1s
   650K .......... .......... .......... .......... .......... 38%  820K 1s
   700K .......... .......... .......... .......... .......... 41% 1,57M 1s
   750K .......... .......... .......... .......... .......... 43%  862K 1s
   800K .......... .......... .......... .......... .......... 46% 1,43M 1s
   850K .......... .......... .......... .......... .......... 49%  946K 1s
   900K .......... .......... .......... .......... .......... 52% 1,24M 1s
   950K .......... .......... .......... .......... .......... 54% 1,59M 1s
  1000K .......... .......... .......... .......... .......... 57%  875K 1s
  1050K .......... .......... .......... .......... .......... 60% 1,51M 1s
  1100K .......... .......... .......... .......... .......... 62%  999K 1s
  1150K .......... .......... .......... .......... .......... 65% 1,29M 1s
  1200K .......... .......... .......... .......... .......... 68% 1,54M 1s
  1250K .......... .......... .......... .......... .......... 71%  942K 1s
  1300K .......... .......... .......... .......... .......... 73% 1,50M 0s
  1350K .......... .......... .......... .......... .......... 76% 1010K 0s
  1400K .......... .......... .......... .......... .......... 79% 1,37M 0s
  1450K .......... .......... .......... .......... .......... 82% 1,57M 0s
  1500K .......... .......... .......... .......... .......... 84% 1,00M 0s
  1550K .......... .......... .......... .......... .......... 87% 1,17M 0s
  1600K .......... .......... .......... .......... .......... 90% 1,16M 0s
  1650K .......... .......... .......... .......... .......... 93% 1,23M 0s
  1700K .......... .......... .......... .......... .......... 95% 1,43M 0s
  1750K .......... .......... .......... .......... .......... 98% 1,30M 0s
  1800K .......... .......... ......                          100% 1,01M=1,7s

2020-01-20 09:23:31 (1,06 MB/s) - «aot.ru/download/Morphology.zip» сохранён [1870365/1870365]

--2020-01-20 09:23:31--  http://aot.ru/download/LexGroup.rar
Повторное использование соединения с aot.ru:80.
HTTP-запрос отправлен. Ожидание ответа… 200 OK
Длина: 499370 (488K) [application/rar]
Сохранение в: «aot.ru/download/LexGroup.rar»

     0K .......... .......... .......... .......... .......... 10% 1,70M 0s
    50K .......... .......... .......... .......... .......... 20%  232K 1s
   100K .......... .......... .......... .......... .......... 30% 1,70M 1s
   150K .......... .......... .......... .......... .......... 41% 24,3M 0s
   200K .......... .......... .......... .......... .......... 51%  783K 0s
   250K .......... .......... .......... .......... .......... 61% 1,21M 0s
   300K .......... .......... .......... .......... .......... 71%  755K 0s
   350K .......... .......... .......... .......... .......... 82% 1,32M 0s
   400K .......... .......... .......... .......... .......... 92%  762K 0s
   450K .......... .......... .......... .......              100% 1,27M=0,6s

2020-01-20 09:23:31 (845 KB/s) - «aot.ru/download/LexGroup.rar» сохранён [499370/499370]

--2020-01-20 09:23:31--  http://aot.ru/docs/graphan.html
Повторное использование соединения с aot.ru:80.
HTTP-запрос отправлен. Ожидание ответа… 200 OK
Длина: 25778 (25K) [text/html]
Сохранение в: «aot.ru/docs/graphan.html»

     0K .......... .......... .....                           100% 2,21M=0,01s

2020-01-20 09:23:32 (2,21 MB/s) - «aot.ru/docs/graphan.html» сохранён [25778/25778]

--2020-01-20 09:23:32--  http://aot.ru/docs/rusmorph.html
Повторное использование соединения с aot.ru:80.
HTTP-запрос отправлен. Ожидание ответа… 200 OK
Длина: 13125 (13K) [text/html]
Сохранение в: «aot.ru/docs/rusmorph.html»

     0K .......... ..                                         100% 2,61M=0,005s

2020-01-20 09:23:32 (2,61 MB/s) - «aot.ru/docs/rusmorph.html» сохранён [13125/13125]

--2020-01-20 09:23:32--  http://aot.ru/docs/synan.html
Повторное использование соединения с aot.ru:80.
HTTP-запрос отправлен. Ожидание ответа… 200 OK
Длина: 94660 (92K) [text/html]
Сохранение в: «aot.ru/docs/synan.html»

     0K .......... .......... .......... .......... .......... 54% 1,70M 0s
    50K .......... .......... .......... .......... ..        100% 52,4K=0,8s

2020-01-20 09:23:33 (110 KB/s) - «aot.ru/docs/synan.html» сохранён [94660/94660]

--2020-01-20 09:23:33--  http://aot.ru/docs/seman.html
Повторное использование соединения с aot.ru:80.
HTTP-запрос отправлен. Ожидание ответа… 200 OK
Длина: 81172 (79K) [text/html]
Сохранение в: «aot.ru/docs/seman.html»

     0K .......... .......... .......... .......... .......... 63% 1,90M 0s
    50K .......... .......... .........                       100%  158K=0,2s

2020-01-20 09:23:33 (376 KB/s) - «aot.ru/docs/seman.html» сохранён [81172/81172]

--2020-01-20 09:23:33--  http://aot.ru/images/tech-sch.gif
Повторное использование соединения с aot.ru:80.
HTTP-запрос отправлен. Ожидание ответа… 200 OK
Длина: 6778 (6,6K) [image/gif]
Сохранение в: «aot.ru/images/tech-sch.gif»

     0K ......                                                100% 2,18M=0,003s

2020-01-20 09:23:33 (2,18 MB/s) - «aot.ru/images/tech-sch.gif» сохранён [6778/6778]

--2020-01-20 09:23:33--  http://aot.ru/docs/aoss.html
Повторное использование соединения с aot.ru:80.
HTTP-запрос отправлен. Ожидание ответа… 200 OK
Длина: 64918 (63K) [text/html]
Сохранение в: «aot.ru/docs/aoss.html»

     0K .......... .......... .......... .......... .......... 78% 1,76M 0s
    50K .......... ...                                        100%  162K=0,1s

2020-01-20 09:23:33 (574 KB/s) - «aot.ru/docs/aoss.html» сохранён [64918/64918]

--2020-01-20 09:23:33--  http://aot.ru/docs/ross.html
Повторное использование соединения с aot.ru:80.
HTTP-запрос отправлен. Ожидание ответа… 200 OK
Длина: 79526 (78K) [text/html]
Сохранение в: «aot.ru/docs/ross.html»

     0K .......... .......... .......... .......... .......... 64% 1,76M 0s
    50K .......... .......... .......                         100%  307K=0,1s

2020-01-20 09:23:34 (660 KB/s) - «aot.ru/docs/ross.html» сохранён [79526/79526]

--2020-01-20 09:23:34--  http://aot.ru/docs/timeross.html
Повторное использование соединения с aot.ru:80.
HTTP-запрос отправлен. Ожидание ответа… 200 OK
Длина: 13221 (13K) [text/html]
Сохранение в: «aot.ru/docs/timeross.html»

     0K .......... ..                                         100% 2,12M=0,006s

2020-01-20 09:23:34 (2,12 MB/s) - «aot.ru/docs/timeross.html» сохранён [13221/13221]

--2020-01-20 09:23:34--  http://aot.ru/docs/collocs.html
Повторное использование соединения с aot.ru:80.
HTTP-запрос отправлен. Ожидание ответа… 200 OK
Длина: 15752 (15K) [text/html]
Сохранение в: «aot.ru/docs/collocs.html»

     0K .......... .....                                      100% 2,36M=0,006s

2020-01-20 09:23:34 (2,36 MB/s) - «aot.ru/docs/collocs.html» сохранён [15752/15752]

--2020-01-20 09:23:34--  http://aot.ru/docs/thes.html
Повторное использование соединения с aot.ru:80.
HTTP-запрос отправлен. Ожидание ответа… 200 OK
Длина: 21938 (21K) [text/html]
Сохранение в: «aot.ru/docs/thes.html»

     0K .......... .......... .                               100% 2,14M=0,01s

2020-01-20 09:23:34 (2,14 MB/s) - «aot.ru/docs/thes.html» сохранён [21938/21938]

--2020-01-20 09:23:34--  http://aot.ru/docs/oborots.html
Повторное использование соединения с aot.ru:80.
HTTP-запрос отправлен. Ожидание ответа… 200 OK
Длина: 29870 (29K) [text/html]
Сохранение в: «aot.ru/docs/oborots.html»

     0K .......... .......... .........                       100% 1,94M=0,01s

2020-01-20 09:23:34 (1,94 MB/s) - «aot.ru/docs/oborots.html» сохранён [29870/29870]

--2020-01-20 09:23:34--  http://aot.ru/docs/transfer.html
Повторное использование соединения с aot.ru:80.
HTTP-запрос отправлен. Ожидание ответа… 200 OK
Длина: 28138 (27K) [text/html]
Сохранение в: «aot.ru/docs/transfer.html»

     0K .......... .......... .......                         100% 1,91M=0,01s

2020-01-20 09:23:34 (1,91 MB/s) - «aot.ru/docs/transfer.html» сохранён [28138/28138]

--2020-01-20 09:23:34--  http://aot.ru/docs/fragman.html
Повторное использование соединения с aot.ru:80.
HTTP-запрос отправлен. Ожидание ответа… 200 OK
Длина: 70733 (69K) [text/html]
Сохранение в: «aot.ru/docs/fragman.html»

     0K .......... .......... .......... .......... .......... 72% 1,67M 0s
    50K .......... .........                                  100%  231K=0,1s

2020-01-20 09:23:34 (617 KB/s) - «aot.ru/docs/fragman.html» сохранён [70733/70733]

--2020-01-20 09:23:34--  http://aot.ru/docs/mapost.html
Повторное использование соединения с aot.ru:80.
HTTP-запрос отправлен. Ожидание ответа… 200 OK
Длина: 31149 (30K) [text/html]
Сохранение в: «aot.ru/docs/mapost.html»

     0K .......... .......... ..........                      100% 1,96M=0,02s

2020-01-20 09:23:34 (1,96 MB/s) - «aot.ru/docs/mapost.html» сохранён [31149/31149]

--2020-01-20 09:23:34--  http://aot.ru/docs/sokirko/sokirko-candid-1.html
Повторное использование соединения с aot.ru:80.
HTTP-запрос отправлен. Ожидание ответа… 200 OK
Длина: 19423 (19K) [text/html]
Сохранение в: «aot.ru/docs/sokirko/sokirko-candid-1.html»

     0K .......... ........                                   100% 2,11M=0,009s

2020-01-20 09:23:35 (2,11 MB/s) - «aot.ru/docs/sokirko/sokirko-candid-1.html» сохранён [19423/19423]

--2020-01-20 09:23:35--  http://aot.ru/docs/sokirko/sokirko-candid-2.html
Повторное использование соединения с aot.ru:80.
HTTP-запрос отправлен. Ожидание ответа… 200 OK
Длина: 124722 (122K) [text/html]
Сохранение в: «aot.ru/docs/sokirko/sokirko-candid-2.html»

     0K .......... .......... .......... .......... .......... 41% 1,72M 0s
    50K .......... .......... .......... .......... .......... 82%  497K 0s
   100K .......... .......... .                               100%  279K=0,2s

2020-01-20 09:23:35 (588 KB/s) - «aot.ru/docs/sokirko/sokirko-candid-2.html» сохранён [124722/124722]

--2020-01-20 09:23:35--  http://aot.ru/docs/sokirko/sokirko-candid-3.html
Повторное использование соединения с aot.ru:80.
HTTP-запрос отправлен. Ожидание ответа… 200 OK
Длина: 54692 (53K) [text/html]
Сохранение в: «aot.ru/docs/sokirko/sokirko-candid-3.html»

     0K .......... .......... .......... .......... .......... 93% 1,86M 0s
    50K ...                                                   100% 2,74M=0,03s

2020-01-20 09:23:35 (1,90 MB/s) - «aot.ru/docs/sokirko/sokirko-candid-3.html» сохранён [54692/54692]

--2020-01-20 09:23:35--  http://aot.ru/docs/sokirko/sokirko-candid-4.html
Повторное использование соединения с aot.ru:80.
HTTP-запрос отправлен. Ожидание ответа… 200 OK
Длина: 87222 (85K) [text/html]
Сохранение в: «aot.ru/docs/sokirko/sokirko-candid-4.html»

     0K .......... .......... .......... .......... .......... 58% 1,74M 0s
    50K .......... .......... .......... .....                100%  195K=0,2s

2020-01-20 09:23:35 (408 KB/s) - «aot.ru/docs/sokirko/sokirko-candid-4.html» сохранён [87222/87222]

--2020-01-20 09:23:35--  http://aot.ru/docs/sokirko/sokirko-candid-5.html
Повторное использование соединения с aot.ru:80.
HTTP-запрос отправлен. Ожидание ответа… 200 OK
Длина: 18982 (19K) [text/html]
Сохранение в: «aot.ru/docs/sokirko/sokirko-candid-5.html»

     0K .......... ........                                   100% 2,11M=0,009s

2020-01-20 09:23:35 (2,11 MB/s) - «aot.ru/docs/sokirko/sokirko-candid-5.html» сохранён [18982/18982]

--2020-01-20 09:23:35--  http://aot.ru/docs/sokirko/sokirko-candid-6.html
Повторное использование соединения с aot.ru:80.
HTTP-запрос отправлен. Ожидание ответа… 200 OK
Длина: 9382 (9,2K) [text/html]
Сохранение в: «aot.ru/docs/sokirko/sokirko-candid-6.html»

     0K .........                                             100% 2,94M=0,003s

2020-01-20 09:23:36 (2,94 MB/s) - «aot.ru/docs/sokirko/sokirko-candid-6.html» сохранён [9382/9382]

--2020-01-20 09:23:36--  http://aot.ru/docs/sokirko/sokirko-candid-7.html
Повторное использование соединения с aot.ru:80.
HTTP-запрос отправлен. Ожидание ответа… 200 OK
Длина: 17324 (17K) [text/html]
Сохранение в: «aot.ru/docs/sokirko/sokirko-candid-7.html»

     0K .......... ......                                     100% 2,07M=0,008s

2020-01-20 09:23:36 (2,07 MB/s) - «aot.ru/docs/sokirko/sokirko-candid-7.html» сохранён [17324/17324]

--2020-01-20 09:23:36--  http://aot.ru/docs/sokirko/sokirko-candid-8.html
Повторное использование соединения с aot.ru:80.
HTTP-запрос отправлен. Ожидание ответа… 200 OK
Длина: 76044 (74K) [text/html]
Сохранение в: «aot.ru/docs/sokirko/sokirko-candid-8.html»

     0K .......... .......... .......... .......... .......... 67%  474K 0s
    50K .......... .......... ....                            100% 1,59M=0,1s

2020-01-20 09:23:36 (617 KB/s) - «aot.ru/docs/sokirko/sokirko-candid-8.html» сохранён [76044/76044]

--2020-01-20 09:23:36--  http://aot.ru/docs/sokirko/sokirko-candid-eng.html
Повторное использование соединения с aot.ru:80.
HTTP-запрос отправлен. Ожидание ответа… 200 OK
Длина: 46901 (46K) [text/html]
Сохранение в: «aot.ru/docs/sokirko/sokirko-candid-eng.html»

     0K .......... .......... .......... .......... .....     100% 1,80M=0,02s

2020-01-20 09:23:36 (1,80 MB/s) - «aot.ru/docs/sokirko/sokirko-candid-eng.html» сохранён [46901/46901]

--2020-01-20 09:23:36--  http://aot.ru/docs/Dialog_text.htm
Повторное использование соединения с aot.ru:80.
HTTP-запрос отправлен. Ожидание ответа… 200 OK
Длина: 80913 (79K) [text/html]
Сохранение в: «aot.ru/docs/Dialog_text.htm»

     0K .......... .......... .......... .......... .......... 63%  481K 0s
    50K .......... .......... .........                       100% 1,64M=0,1s

2020-01-20 09:23:36 (652 KB/s) - «aot.ru/docs/Dialog_text.htm» сохранён [80913/80913]

--2020-01-20 09:23:36--  http://aot.ru/docs/OverviewOfConcordance.htm
Повторное использование соединения с aot.ru:80.
HTTP-запрос отправлен. Ожидание ответа… 200 OK
Длина: 107551 (105K) [text/html]
Сохранение в: «aot.ru/docs/OverviewOfConcordance.htm»

     0K .......... .......... .......... .......... .......... 47%  480K 0s
    50K .......... .......... .......... .......... .......... 95% 1,59M 0s
   100K .....                                                 100% 69,7K=0,2s

2020-01-20 09:23:37 (508 KB/s) - «aot.ru/docs/OverviewOfConcordance.htm» сохранён [107551/107551]

--2020-01-20 09:23:37--  http://aot.ru/docs/sokirko/Dialog2004.htm
Повторное использование соединения с aot.ru:80.
HTTP-запрос отправлен. Ожидание ответа… 200 OK
Длина: 90664 (89K) [text/html]
Сохранение в: «aot.ru/docs/sokirko/Dialog2004.htm»

     0K .......... .......... .......... .......... .......... 56% 1,75M 0s
    50K .......... .......... .......... ........             100%  403K=0,1s

2020-01-20 09:23:37 (717 KB/s) - «aot.ru/docs/sokirko/Dialog2004.htm» сохранён [90664/90664]

--2020-01-20 09:23:37--  http://aot.ru/docs/Nozhov/chapter1.pdf
Повторное использование соединения с aot.ru:80.
HTTP-запрос отправлен. Ожидание ответа… 200 OK
Длина: 911153 (890K) [application/pdf]
Сохранение в: «aot.ru/docs/Nozhov/chapter1.pdf»

     0K .......... .......... .......... .......... ..........  5% 1,74M 0s
    50K .......... .......... .......... .......... .......... 11%  495K 1s
   100K .......... .......... .......... .......... .......... 16%  503K 1s
   150K .......... .......... .......... .......... .......... 22%  516K 1s
   200K .......... .......... .......... .......... .......... 28%  524K 1s
   250K .......... .......... .......... .......... .......... 33%  527K 1s
   300K .......... .......... .......... .......... .......... 39%  715K 1s
   350K .......... .......... .......... .......... .......... 44%  500K 1s
   400K .......... .......... .......... .......... .......... 50%  520K 1s
   450K .......... .......... .......... .......... .......... 56%  534K 1s
   500K .......... .......... .......... .......... .......... 61%  523K 1s
   550K .......... .......... .......... .......... .......... 67%  942K 0s
   600K .......... .......... .......... .......... .......... 73%  663K 0s
   650K .......... .......... .......... .......... .......... 78%  523K 0s
   700K .......... .......... .......... .......... .......... 84%  525K 0s
   750K .......... .......... .......... .......... .......... 89%  518K 0s
   800K .......... .......... .......... .......... .......... 95%  532K 0s
   850K .......... .......... .......... .........            100% 1,37M=1,5s

2020-01-20 09:23:38 (589 KB/s) - «aot.ru/docs/Nozhov/chapter1.pdf» сохранён [911153/911153]

--2020-01-20 09:23:38--  http://aot.ru/docs/Nozhov/chapter2.pdf
Повторное использование соединения с aot.ru:80.
HTTP-запрос отправлен. Ожидание ответа… 200 OK
Длина: 869509 (849K) [application/pdf]
Сохранение в: «aot.ru/docs/Nozhov/chapter2.pdf»

     0K .......... .......... .......... .......... ..........  5% 1,71M 0s
    50K .......... .......... .......... .......... .......... 11%  506K 1s
   100K .......... .......... .......... .......... .......... 17%  515K 1s
   150K .......... .......... .......... .......... .......... 23%  526K 1s
   200K .......... .......... .......... .......... .......... 29%  527K 1s
   250K .......... .......... .......... .......... .......... 35% 1,49M 1s
   300K .......... .......... .......... .......... .......... 41%  527K 1s
   350K .......... .......... .......... .......... .......... 47%  525K 1s
   400K .......... .......... .......... .......... .......... 52%  525K 1s
   450K .......... .......... .......... .......... .......... 58%  527K 1s
   500K .......... .......... .......... .......... .......... 64%  524K 1s
   550K .......... .......... .......... .......... .......... 70% 1,51M 0s
   600K .......... .......... .......... .......... .......... 76%  527K 0s
   650K .......... .......... .......... .......... .......... 82%  514K 0s
   700K .......... .......... .......... .......... .......... 88%  526K 0s
   750K .......... .......... .......... .......... .......... 94%  523K 0s
   800K .......... .......... .......... .......... ......... 100% 1,57M=1,4s

2020-01-20 09:23:40 (620 KB/s) - «aot.ru/docs/Nozhov/chapter2.pdf» сохранён [869509/869509]

--2020-01-20 09:23:40--  http://aot.ru/docs/Nozhov/chapter3.pdf
Повторное использование соединения с aot.ru:80.
HTTP-запрос отправлен. Ожидание ответа… 200 OK
Длина: 821697 (802K) [application/pdf]
Сохранение в: «aot.ru/docs/Nozhov/chapter3.pdf»

     0K .......... .......... .......... .......... ..........  6% 1,71M 0s
    50K .......... .......... .......... .......... .......... 12%  509K 1s
   100K .......... .......... .......... .......... .......... 18%  512K 1s
   150K .......... .......... .......... .......... .......... 24%  525K 1s
   200K .......... .......... .......... .......... .......... 31%  535K 1s
   250K .......... .......... .......... .......... .......... 37% 1,52M 1s
   300K .......... .......... .......... .......... .......... 43%  532K 1s
   350K .......... .......... .......... .......... .......... 49%  526K 1s
   400K .......... .......... .......... .......... .......... 56%  521K 1s
   450K .......... .......... .......... .......... .......... 62%  543K 0s
   500K .......... .......... .......... .......... .......... 68% 1,40M 0s
   550K .......... .......... .......... .......... .......... 74%  534K 0s
   600K .......... .......... .......... .......... .......... 81%  551K 0s
   650K .......... .......... .......... .......... .......... 87%  538K 0s
   700K .......... .......... .......... .......... .......... 93% 1,41M 0s
   750K .......... .......... .......... .......... .......... 99%  552K 0s
   800K ..                                                    100% 7,73M=1,3s

2020-01-20 09:23:41 (637 KB/s) - «aot.ru/docs/Nozhov/chapter3.pdf» сохранён [821697/821697]

--2020-01-20 09:23:41--  http://aot.ru/docs/Nozhov/chapter4.pdf
Повторное использование соединения с aot.ru:80.
HTTP-запрос отправлен. Ожидание ответа… 200 OK
Длина: 217921 (213K) [application/pdf]
Сохранение в: «aot.ru/docs/Nozhov/chapter4.pdf»

     0K .......... .......... .......... .......... .......... 23% 1,68M 0s
    50K .......... .......... .......... .......... .......... 46%  267K 0s
   100K .......... .......... .......... .......... .......... 70%  721K 0s
   150K .......... .......... .......... .......... .......... 93%  477K 0s
   200K .......... ..                                         100% 1,78M=0,4s

2020-01-20 09:23:42 (536 KB/s) - «aot.ru/docs/Nozhov/chapter4.pdf» сохранён [217921/217921]

--2020-01-20 09:23:42--  http://aot.ru/docs/Nozhov/supplement1.pdf
Повторное использование соединения с aot.ru:80.
HTTP-запрос отправлен. Ожидание ответа… 200 OK
Длина: 605120 (591K) [application/pdf]
Сохранение в: «aot.ru/docs/Nozhov/supplement1.pdf»

     0K .......... .......... .......... .......... ..........  8% 1,53M 0s
    50K .......... .......... .......... .......... .......... 16%  480K 1s
   100K .......... .......... .......... .......... .......... 25%  491K 1s
   150K .......... .......... .......... .......... .......... 33%  516K 1s
   200K .......... .......... .......... .......... .......... 42%  489K 1s
   250K .......... .......... .......... .......... .......... 50%  521K 1s
   300K .......... .......... .......... .......... .......... 59%  542K 0s
   350K .......... .......... .......... .......... .......... 67%  522K 0s
   400K .......... .......... .......... .......... .......... 76% 1,45M 0s
   450K .......... .......... .......... .......... .......... 84%  544K 0s
   500K .......... .......... .......... .......... .......... 93%  517K 0s
   550K .......... .......... .......... ..........           100%  489K=1,0s

2020-01-20 09:23:43 (575 KB/s) - «aot.ru/docs/Nozhov/supplement1.pdf» сохранён [605120/605120]

--2020-01-20 09:23:43--  http://aot.ru/docs/Nozhov/supplement2.pdf
Повторное использование соединения с aot.ru:80.
HTTP-запрос отправлен. Ожидание ответа… 200 OK
Длина: 1434362 (1,4M) [application/pdf]
Сохранение в: «aot.ru/docs/Nozhov/supplement2.pdf»

     0K .......... .......... .......... .......... ..........  3% 1,99M 1s
    50K .......... .......... .......... .......... ..........  7%  272K 3s
   100K .......... .......... .......... .......... .......... 10% 1,60M 2s
   150K .......... .......... .......... .......... .......... 14%  485K 2s
   200K .......... .......... .......... .......... .......... 17%  474K 2s
   250K .......... .......... .......... .......... .......... 21%  490K 2s
   300K .......... .......... .......... .......... .......... 24%  511K 2s
   350K .......... .......... .......... .......... .......... 28%  486K 2s
   400K .......... .......... .......... .......... .......... 32%  547K 2s
   450K .......... .......... .......... .......... .......... 35%  514K 2s
   500K .......... .......... .......... .......... .......... 39%  495K 2s
   550K .......... .......... .......... .......... .......... 42%  508K 2s
   600K .......... .......... .......... .......... .......... 46%  505K 1s
   650K .......... .......... .......... .......... .......... 49%  517K 1s
   700K .......... .......... .......... .......... .......... 53%  504K 1s
   750K .......... .......... .......... .......... .......... 57%  511K 1s
   800K .......... .......... .......... .......... .......... 60%  918K 1s
   850K .......... .......... .......... .......... .......... 64%  555K 1s
   900K .......... .......... .......... .......... .......... 67%  504K 1s
   950K .......... .......... .......... .......... .......... 71%  511K 1s
  1000K .......... .......... .......... .......... .......... 74%  558K 1s
  1050K .......... .......... .......... .......... .......... 78%  496K 1s
  1100K .......... .......... .......... .......... .......... 82%  507K 0s
  1150K .......... .......... .......... .......... .......... 85%  517K 0s
  1200K .......... .......... .......... .......... .......... 89%  515K 0s
  1250K .......... .......... .......... .......... .......... 92%  508K 0s
  1300K .......... .......... .......... .......... .......... 96%  505K 0s
  1350K .......... .......... .......... .......... .......... 99% 1021K 0s
  1400K                                                       100% 1419G=2,6s

2020-01-20 09:23:46 (538 KB/s) - «aot.ru/docs/Nozhov/supplement2.pdf» сохранён [1434362/1434362]

--2020-01-20 09:23:46--  http://aot.ru/docs/Nozhov/msot.pdf
Повторное использование соединения с aot.ru:80.
HTTP-запрос отправлен. Ожидание ответа… 200 OK
Длина: 4159511 (4,0M) [application/pdf]
Сохранение в: «aot.ru/docs/Nozhov/msot.pdf»

     0K .......... .......... .......... .......... ..........  1% 1,71M 2s
    50K .......... .......... .......... .......... ..........  2%  495K 5s
   100K .......... .......... .......... .......... ..........  3%  493K 6s
   150K .......... .......... .......... .......... ..........  4%  507K 6s
   200K .......... .......... .......... .......... ..........  6%  506K 7s
   250K .......... .......... .......... .......... ..........  7%  520K 7s
   300K .......... .......... .......... .......... ..........  8%  511K 7s
   350K .......... .......... .......... .......... ..........  9%  511K 7s
   400K .......... .......... .......... .......... .......... 11% 1,49M 6s
   450K .......... .......... .......... .......... .......... 12%  523K 6s
   500K .......... .......... .......... .......... .......... 13%  507K 6s
   550K .......... .......... .......... .......... .......... 14%  519K 6s
   600K .......... .......... .......... .......... .......... 16%  516K 6s
   650K .......... .......... .......... .......... .......... 17%  516K 6s
   700K .......... .......... .......... .......... .......... 18%  525K 6s
   750K .......... .......... .......... .......... .......... 19%  661K 6s
   800K .......... .......... .......... .......... .......... 20%  524K 6s
   850K .......... .......... .......... .......... .......... 22%  949K 5s
   900K .......... .......... .......... .......... .......... 23%  528K 5s
   950K .......... .......... .......... .......... .......... 24%  528K 5s
  1000K .......... .......... .......... .......... .......... 25%  533K 5s
  1050K .......... .......... .......... .......... .......... 27%  638K 5s
  1100K .......... .......... .......... .......... .......... 28%  528K 5s
  1150K .......... .......... .......... .......... .......... 29%  519K 5s
  1200K .......... .......... .......... .......... .......... 30%  528K 5s
  1250K .......... .......... .......... .......... .......... 32% 1,01M 5s
  1300K .......... .......... .......... .......... .......... 33%  651K 5s
  1350K .......... .......... .......... .......... .......... 34%  528K 5s
  1400K .......... .......... .......... .......... .......... 35%  541K 5s
  1450K .......... .......... .......... .......... .......... 36%  555K 4s
  1500K .......... .......... .......... .......... .......... 38% 1002K 4s
  1550K .......... .......... .......... .......... .......... 39%  636K 4s
  1600K .......... .......... .......... .......... .......... 40%  575K 4s
  1650K .......... .......... .......... .......... .......... 41%  596K 4s
  1700K .......... .......... .......... .......... .......... 43% 1,18M 4s
  1750K .......... .......... .......... .......... .......... 44%  565K 4s
  1800K .......... .......... .......... .......... .......... 45%  565K 4s
  1850K .......... .......... .......... .......... .......... 46%  666K 4s
  1900K .......... .......... .......... .......... .......... 48% 1,15M 4s
  1950K .......... .......... .......... .......... .......... 49%  574K 3s
  2000K .......... .......... .......... .......... .......... 50%  671K 3s
  2050K .......... .......... .......... .......... .......... 51% 1,16M 3s
  2100K .......... .......... .......... .......... .......... 52%  588K 3s
  2150K .......... .......... .......... .......... .......... 54% 1,48M 3s
  2200K .......... .......... .......... .......... .......... 55%  605K 3s
  2250K .......... .......... .......... .......... .......... 56%  714K 3s
  2300K .......... .......... .......... .......... .......... 57% 1,11M 3s
  2350K .......... .......... .......... .......... .......... 59%  627K 3s
  2400K .......... .......... .......... .......... .......... 60%  765K 3s
  2450K .......... .......... .......... .......... .......... 61% 1,09M 2s
  2500K .......... .......... .......... .......... .......... 62%  759K 2s
  2550K .......... .......... .......... .......... .......... 64% 1,12M 2s
  2600K .......... .......... .......... .......... .......... 65%  776K 2s
  2650K .......... .......... .......... .......... .......... 66% 1,11M 2s
  2700K .......... .......... .......... .......... .......... 67%  773K 2s
  2750K .......... .......... .......... .......... .......... 68% 1,17M 2s
  2800K .......... .......... .......... .......... .......... 70%  694K 2s
  2850K .......... .......... .......... .......... .......... 71% 1,49M 2s
  2900K .......... .......... .......... .......... .......... 72%  564K 2s
  2950K .......... .......... .......... .......... .......... 73% 1,29M 2s
  3000K .......... .......... .......... .......... .......... 75%  897K 2s
  3050K .......... .......... .......... .......... .......... 76% 1,11M 1s
  3100K .......... .......... .......... .......... .......... 77% 1,07M 1s
  3150K .......... .......... .......... .......... .......... 78%  945K 1s
  3200K .......... .......... .......... .......... .......... 80% 1,28M 1s
  3250K .......... .......... .......... .......... .......... 81%  878K 1s
  3300K .......... .......... .......... .......... .......... 82% 1,40M 1s
  3350K .......... .......... .......... .......... .......... 83%  898K 1s
  3400K .......... .......... .......... .......... .......... 84% 1,34M 1s
  3450K .......... .......... .......... .......... .......... 86% 1,07M 1s
  3500K .......... .......... .......... .......... .......... 87% 1,12M 1s
  3550K .......... .......... .......... .......... .......... 88% 1,51M 1s
  3600K .......... .......... .......... .......... .......... 89%  934K 1s
  3650K .......... .......... .......... .......... .......... 91% 1,43M 1s
  3700K .......... .......... .......... .......... .......... 92% 1,14M 0s
  3750K .......... .......... .......... .......... .......... 93% 1,14M 0s
  3800K .......... .......... .......... .......... .......... 94% 1,55M 0s
  3850K .......... .......... .......... .......... .......... 96%  703K 0s
  3900K .......... .......... .......... .......... .......... 97%  996K 0s
  3950K .......... .......... .......... .......... .......... 98%  340K 0s
  4000K .......... .......... .......... .......... .......... 99% 30,9M 0s
  4050K .......... ..                                         100% 50,0M=5,5s

2020-01-20 09:23:51 (736 KB/s) - «aot.ru/docs/Nozhov/msot.pdf» сохранён [4159511/4159511]

--2020-01-20 09:23:51--  http://aot.ru/docs/RusCorporaHMM.htm
Повторное использование соединения с aot.ru:80.
HTTP-запрос отправлен. Ожидание ответа… 200 OK
Длина: 78322 (76K) [text/html]
Сохранение в: «aot.ru/docs/RusCorporaHMM.htm»

     0K .......... .......... .......... .......... .......... 65% 1,61M 0s
    50K .......... .......... ......                          100% 39,7K=0,7s

2020-01-20 09:23:52 (110 KB/s) - «aot.ru/docs/RusCorporaHMM.htm» сохранён [78322/78322]

--2020-01-20 09:23:52--  http://aot.ru/1
Повторное использование соединения с aot.ru:80.
HTTP-запрос отправлен. Ожидание ответа… 404 Not Found
2020-01-20 09:23:52 ОШИБКА 404: Not Found.

--2020-01-20 09:23:52--  http://aot.ru/docs/delphi_seman_test.html
Повторное использование соединения с aot.ru:80.
HTTP-запрос отправлен. Ожидание ответа… 200 OK
Длина: 3012 (2,9K) [text/html]
Сохранение в: «aot.ru/docs/delphi_seman_test.html»

     0K ..                                                    100% 7,54M=0s

2020-01-20 09:23:52 (7,54 MB/s) - «aot.ru/docs/delphi_seman_test.html» сохранён [3012/3012]

--2020-01-20 09:23:52--  http://aot.ru/docs/statistics2006.htm
Повторное использование соединения с aot.ru:80.
HTTP-запрос отправлен. Ожидание ответа… 200 OK
Длина: 2535 (2,5K) [text/html]
Сохранение в: «aot.ru/docs/statistics2006.htm»

     0K ..                                                    100% 11,4M=0s

2020-01-20 09:23:52 (11,4 MB/s) - «aot.ru/docs/statistics2006.htm» сохранён [2535/2535]

--2020-01-20 09:23:52--  http://aot.ru/docs/statistics2005.htm
Повторное использование соединения с aot.ru:80.
HTTP-запрос отправлен. Ожидание ответа… 200 OK
Длина: 29352 (29K) [text/html]
Сохранение в: «aot.ru/docs/statistics2005.htm»

     0K .......... .......... ........                        100% 1,56M=0,02s

2020-01-20 09:23:52 (1,56 MB/s) - «aot.ru/docs/statistics2005.htm» сохранён [29352/29352]

--2020-01-20 09:23:52--  http://aot.ru/docs/statistics2004.htm
Повторное использование соединения с aot.ru:80.
HTTP-запрос отправлен. Ожидание ответа… 200 OK
Длина: 23013 (22K) [text/html]
Сохранение в: «aot.ru/docs/statistics2004.htm»

     0K .......... .......... ..                              100% 1,38M=0,02s

2020-01-20 09:23:53 (1,38 MB/s) - «aot.ru/docs/statistics2004.htm» сохранён [23013/23013]

--2020-01-20 09:23:53--  http://aot.ru/authors.html
Повторное использование соединения с aot.ru:80.
HTTP-запрос отправлен. Ожидание ответа… 200 OK
Длина: 51240 (50K) [text/html]
Сохранение в: «aot.ru/authors.html»

     0K .......... .......... .......... .......... .......... 99% 1,24M 0s
    50K                                                       100% 74,5G=0,04s

2020-01-20 09:23:53 (1,25 MB/s) - «aot.ru/authors.html» сохранён [51240/51240]

--2020-01-20 09:23:53--  http://aot.ru/cgi-bin/yawps/index.cgi
Повторное использование соединения с aot.ru:80.
HTTP-запрос отправлен. Ожидание ответа… 404 Not Found
2020-01-20 09:23:53 ОШИБКА 404: Not Found.

--2020-01-20 09:23:53--  http://aot.ru/docs/sokirko/MorphPPT.htm
Повторное использование соединения с aot.ru:80.
HTTP-запрос отправлен. Ожидание ответа… 200 OK
Длина: 2560 (2,5K) [text/html]
Сохранение в: «aot.ru/docs/sokirko/MorphPPT.htm»

     0K ..                                                    100% 53,2M=0s

2020-01-20 09:23:53 (53,2 MB/s) - «aot.ru/docs/sokirko/MorphPPT.htm» сохранён [2560/2560]

--2020-01-20 09:23:53--  http://aot.ru/DEMO/synt.html
Повторное использование соединения с aot.ru:80.
HTTP-запрос отправлен. Ожидание ответа… 404 Not Found
2020-01-20 09:23:53 ОШИБКА 404: Not Found.

--2020-01-20 09:23:53--  http://aot.ru/concor.html
Повторное использование соединения с aot.ru:80.
HTTP-запрос отправлен. Ожидание ответа… 200 OK
Длина: 4682 (4,6K) [text/html]
Сохранение в: «aot.ru/concor.html»

     0K ....                                                  100% 5,87M=0,001s

2020-01-20 09:23:53 (5,87 MB/s) - «aot.ru/concor.html» сохранён [4682/4682]

--2020-01-20 09:23:53--  http://aot.ru/demo/morph.js
Повторное использование соединения с aot.ru:80.
HTTP-запрос отправлен. Ожидание ответа… Ошибка чтения (Соединение разорвано другой стороной) в заголовках.
Продолжение попыток.

--2020-01-20 09:23:54--  (попытка: 2)  http://aot.ru/demo/morph.js
Подключение к aot.ru (aot.ru)|195.70.213.239|:80... соединение установлено.
HTTP-запрос отправлен. Ожидание ответа… Ошибка чтения (Соединение разорвано другой стороной) в заголовках.
Продолжение попыток.

--2020-01-20 09:23:56--  (попытка: 3)  http://aot.ru/demo/morph.js
Подключение к aot.ru (aot.ru)|195.70.213.239|:80... соединение установлено.
HTTP-запрос отправлен. Ожидание ответа… Ошибка чтения (Соединение разорвано другой стороной) в заголовках.
Продолжение попыток.

--2020-01-20 09:23:59--  (попытка: 4)  http://aot.ru/demo/morph.js
Подключение к aot.ru (aot.ru)|195.70.213.239|:80... соединение установлено.
HTTP-запрос отправлен. Ожидание ответа… Ошибка чтения (Соединение разорвано другой стороной) в заголовках.
Продолжение попыток.

--2020-01-20 09:24:03--  (попытка: 5)  http://aot.ru/demo/morph.js
Подключение к aot.ru (aot.ru)|195.70.213.239|:80... соединение установлено.
HTTP-запрос отправлен. Ожидание ответа… Ошибка чтения (Соединение разорвано другой стороной) в заголовках.
Продолжение попыток.

--2020-01-20 09:24:08--  (попытка: 6)  http://aot.ru/demo/morph.js
Подключение к aot.ru (aot.ru)|195.70.213.239|:80... соединение установлено.
HTTP-запрос отправлен. Ожидание ответа… Ошибка чтения (Соединение разорвано другой стороной) в заголовках.
Продолжение попыток.

--2020-01-20 09:24:15--  (попытка: 7)  http://aot.ru/demo/morph.js
Подключение к aot.ru (aot.ru)|195.70.213.239|:80... соединение установлено.
HTTP-запрос отправлен. Ожидание ответа… Ошибка чтения (Соединение разорвано другой стороной) в заголовках.
Продолжение попыток.

--2020-01-20 09:24:22--  (попытка: 8)  http://aot.ru/demo/morph.js
Подключение к aot.ru (aot.ru)|195.70.213.239|:80... соединение установлено.
HTTP-запрос отправлен. Ожидание ответа… Ошибка чтения (Соединение разорвано другой стороной) в заголовках.
Продолжение попыток.

--2020-01-20 09:24:30--  (попытка: 9)  http://aot.ru/demo/morph.js
Подключение к aot.ru (aot.ru)|195.70.213.239|:80... соединение установлено.
HTTP-запрос отправлен. Ожидание ответа… Ошибка чтения (Соединение разорвано другой стороной) в заголовках.
Продолжение попыток.

--2020-01-20 09:24:39--  (попытка:10)  http://aot.ru/demo/morph.js
Подключение к aot.ru (aot.ru)|195.70.213.239|:80... соединение установлено.
HTTP-запрос отправлен. Ожидани